<?xml version="1.0" encoding="UTF-8"?>
<testsuite name="com.fo.up.demo.FofApplicationTests" tests="1" skipped="0" failures="0" errors="0" timestamp="2018-11-06T10:38:15" hostname="localhost" time="0.002">
  <properties/>
  <testcase name="contextLoads" classname="com.fo.up.demo.FofApplicationTests" time="0.002"/>
  <system-out><![CDATA[2018-11-06 18:38:15.377  INFO 18372 --- [    Test worker] .b.t.c.SpringBootTestContextBootstrapper : Neither @ContextConfiguration nor @ContextHierarchy found for test class [com.fo.up.demo.FofApplicationTests], using SpringBootContextLoader
2018-11-06 18:38:15.377  INFO 18372 --- [    Test worker] o.s.t.c.support.AbstractContextLoader    : Could not detect default resource locations for test class [com.fo.up.demo.FofApplicationTests]: no resource found for suffixes {-context.xml, Context.groovy}.
2018-11-06 18:38:15.377  INFO 18372 --- [    Test worker] t.c.s.AnnotationConfigContextLoaderUtils : Could not detect default configuration classes for test class [com.fo.up.demo.FofApplicationTests]: FofApplicationTests does not declare any static, non-private, non-final, nested classes annotated with @Configuration.
2018-11-06 18:38:15.387  INFO 18372 --- [    Test worker] .b.t.c.SpringBootTestContextBootstrapper : Found @SpringBootConfiguration com.fo.up.UpApplication for test class com.fo.up.demo.FofApplicationTests
2018-11-06 18:38:15.389  INFO 18372 --- [    Test worker] .b.t.c.SpringBootTestContextBootstrapper : Loaded default TestExecutionListener class names from location [META-INF/spring.factories]: [org.springframework.boot.test.autoconfigure.restdocs.RestDocsTestExecutionListener, org.springframework.boot.test.autoconfigure.web.client.MockRestServiceServerResetTestExecutionListener, org.springframework.boot.test.autoconfigure.web.servlet.MockMvcPrintOnlyOnFailureTestExecutionListener, org.springframework.boot.test.autoconfigure.web.servlet.WebDriverTestExecutionListener, org.springframework.boot.test.mock.mockito.MockitoTestExecutionListener, org.springframework.boot.test.mock.mockito.ResetMocksTestExecutionListener, org.springframework.test.context.web.ServletTestExecutionListener, org.springframework.test.context.support.DirtiesContextBeforeModesTestExecutionListener, org.springframework.test.context.support.DependencyInjectionTestExecutionListener, org.springframework.test.context.support.DirtiesContextTestExecutionListener, org.springframework.test.context.transaction.TransactionalTestExecutionListener, org.springframework.test.context.jdbc.SqlScriptsTestExecutionListener]
2018-11-06 18:38:15.390  INFO 18372 --- [    Test worker] .b.t.c.SpringBootTestContextBootstrapper : Using TestExecutionListeners: [org.springframework.test.context.web.ServletTestExecutionListener@669274d0, org.springframework.test.context.support.DirtiesContextBeforeModesTestExecutionListener@4ef52798, org.springframework.boot.test.mock.mockito.MockitoTestExecutionListener@478eaadb, org.springframework.boot.test.autoconfigure.SpringBootDependencyInjectionTestExecutionListener@2fc2cdb0, org.springframework.test.context.support.DirtiesContextTestExecutionListener@5a83086c, org.springframework.test.context.transaction.TransactionalTestExecutionListener@3d2d2d43, org.springframework.test.context.jdbc.SqlScriptsTestExecutionListener@fc7804f, org.springframework.boot.test.autoconfigure.restdocs.RestDocsTestExecutionListener@3651634a, org.springframework.boot.test.autoconfigure.web.client.MockRestServiceServerResetTestExecutionListener@74d3cd84, org.springframework.boot.test.autoconfigure.web.servlet.MockMvcPrintOnlyOnFailureTestExecutionListener@20c0b168, org.springframework.boot.test.autoconfigure.web.servlet.WebDriverTestExecutionListener@133688c7, org.springframework.boot.test.mock.mockito.ResetMocksTestExecutionListener@2ec0f2d8]
]]></system-out>
  <system-err><![CDATA[]]></system-err>
</testsuite>
